<?xml version="1.0" encoding="UTF-8"?>
<!-- Generated by org.testng.reporters.JUnitXMLReporter -->
<testsuite hostname="Srajen" ignored="0" name="Default test" tests="3" failures="0" timestamp="2022-08-07T02:36:04 IST" time="3.754" errors="0">
  <testcase name="createPost" time="2.521" classname="com.swiggy.tests.postTests"/>
  <testcase name="getPostsDetails" time="0.502" classname="com.swiggy.tests.postTests"/>
  <testcase name="deletePostDetails" time="0.689" classname="com.swiggy.tests.postTests"/>
</testsuite> <!-- Default test -->
