<?xml version="1.0" encoding="UTF-8"?>
<testng-results skipped="0" failed="0" ignored="0" total="3" passed="3">
  <reporter-output>
  </reporter-output>
  <suite name="Default suite" duration-ms="3754" started-at="2022-08-07T02:36:00 IST" finished-at="2022-08-07T02:36:04 IST">
    <groups>
    </groups>
    <test name="Default test" duration-ms="3754" started-at="2022-08-07T02:36:00 IST" finished-at="2022-08-07T02:36:04 IST">
      <class name="com.swiggy.tests.postTests">
        <test-method status="PASS" signature="createPost(java.lang.reflect.Method)[pri:1, instance:com.swiggy.tests.postTests@467aecef]" name="createPost" duration-ms="2521" started-at="2022-08-07T02:36:00 IST" finished-at="2022-08-07T02:36:02 IST">
          <params>
            <param index="0">
              <value>
                <![CDATA[public void com.swiggy.tests.postTests.createPost(java.lang.reflect.Method)]]>
              </value>
            </param>
          </params>
          <reporter-output>
          </reporter-output>
        </test-method> <!-- createPost -->
        <test-method status="PASS" signature="getPostsDetails()[pri:2, instance:com.swiggy.tests.postTests@467aecef]" name="getPostsDetails" duration-ms="502" started-at="2022-08-07T02:36:02 IST" finished-at="2022-08-07T02:36:03 IST">
          <reporter-output>
          </reporter-output>
        </test-method> <!-- getPostsDetails -->
        <test-method status="PASS" signature="deletePostDetails()[pri:3, instance:com.swiggy.tests.postTests@467aecef]" name="deletePostDetails" duration-ms="689" started-at="2022-08-07T02:36:03 IST" finished-at="2022-08-07T02:36:04 IST">
          <reporter-output>
          </reporter-output>
        </test-method> <!-- deletePostDetails -->
      </class> <!-- com.swiggy.tests.postTests -->
    </test> <!-- Default test -->
  </suite> <!-- Default suite -->
</testng-results>
